<?xml version="1.0" encoding="UTF-8"?>
<!-- Generated by org.testng.reporters.JUnitReportReporter -->
<testsuite skipped="0" hostname="LAPTOP-FAUU5D5D" name="com.Fbtestrunner.Fbexecution" tests="1" failures="0" timestamp="03 Jul 2020 12:07:28 GMT" time="11.716" errors="0">
  <testcase name="fbrunner" time="11.716" classname="com.Fbtestrunner.Fbexecution"/>
</testsuite> <!-- com.Fbtestrunner.Fbexecution -->
